<?xml version="1.0" encoding="UTF-8"?>
<testsuite xmlns:xsi="http://www.w3.org/2001/XMLSchema-instance" xsi:noNamespaceSchemaLocation="https://maven.apache.org/surefire/maven-surefire-plugin/xsd/surefire-test-report.xsd" version="3.0.2" name="com.example.nfsdemo.NfsDemoApplicationTests" time="3.434" tests="1" errors="0" skipped="0" failures="0">
  <properties>
[...]
</properties>
  <testcase name="contextLoads" classname="com.example.nfsdemo.NfsDemoApplicationTests" time="0.721">
    <system-out><![CDATA[13:33:01.917 [main] INFO org.springframework.test.context.support.AnnotationConfigContextLoaderUtils -- Could not detect default configuration classes for test class [com.example.nfsdemo.NfsDemoApplicationTests]: NfsDemoApplicationTests does not declare any static, non-private, non-final, nested classes annotated with @Configuration.
13:33:02.078 [main] INFO org.springframework.boot.test.context.SpringBootTestContextBootstrapper -- Found @SpringBootConfiguration com.example.nfsdemo.NfsDemoApplication for test class com.example.nfsdemo.NfsDemoApplicationTests

  .   ____          _            __ _ _
 /\\ / ___'_ __ _ _(_)_ __  __ _ \ \ \ \
( ( )\___ | '_ | '_| | '_ \/ _` | \ \ \ \
 \\/  ___)| |_)| | | | | || (_| |  ) ) ) )
  '  |____| .__|_| |_|_| |_\__, | / / / /
 =========|_|==============|___/=/_/_/_/

 :: Spring Boot ::                (v4.0.1)

2025-12-24T13:33:02.547Z  INFO 87618 --- [nfs-demo] [           main] c.e.nfsdemo.NfsDemoApplicationTests      : Starting NfsDemoApplicationTests using Java 17.0.15 with PID 87618 (started by root in /root/springboot-nfs-kind)
2025-12-24T13:33:02.550Z  INFO 87618 --- [nfs-demo] [           main] c.e.nfsdemo.NfsDemoApplicationTests      : No active profile set, falling back to 1 default profile: "default"
2025-12-24T13:33:04.305Z  INFO 87618 --- [nfs-demo] [           main] o.s.b.a.e.web.EndpointLinksResolver      : Exposing 1 endpoint beneath base path '/actuator'
2025-12-24T13:33:04.366Z  INFO 87618 --- [nfs-demo] [           main] c.e.nfsdemo.NfsDemoApplicationTests      : Started NfsDemoApplicationTests in 2.117 seconds (process running for 3.307)
]]></system-out>
  </testcase>
</testsuite>